<?xml version="1.0" encoding="UTF-8"?>
<testng-results ignored="0" total="2" passed="2" failed="0" skipped="0">
  <reporter-output>
  </reporter-output>
  <suite started-at="2020-04-02T05:17:30Z" name="Default suite" finished-at="2020-04-02T05:17:33Z" duration-ms="2985">
    <groups>
    </groups>
    <test started-at="2020-04-02T05:17:30Z" name="Default test" finished-at="2020-04-02T05:17:33Z" duration-ms="2985">
      <class name="apiTestAutomation.getWeatherLondon">
        <test-method is-config="true" signature="setUp()[pri:0, instance:apiTestAutomation.getWeatherLondon@22fcf7ab]" started-at="2020-04-02T05:17:30Z" name="setUp" finished-at="2020-04-02T05:17:30Z" duration-ms="8" status="PASS">
          <reporter-output>
          </reporter-output>
        </test-method> <!-- setUp -->
        <test-method signature="testResponseBody()[pri:0, instance:apiTestAutomation.getWeatherLondon@22fcf7ab]" started-at="2020-04-02T05:17:30Z" name="testResponseBody" finished-at="2020-04-02T05:17:32Z" duration-ms="2241" status="PASS">
          <reporter-output>
          </reporter-output>
        </test-method> <!-- testResponseBody -->
        <test-method signature="testResponseCode()[pri:0, instance:apiTestAutomation.getWeatherLondon@22fcf7ab]" started-at="2020-04-02T05:17:32Z" name="testResponseCode" finished-at="2020-04-02T05:17:33Z" duration-ms="718" status="PASS">
          <reporter-output>
          </reporter-output>
        </test-method> <!-- testResponseCode -->
      </class> <!-- apiTestAutomation.getWeatherLondon -->
    </test> <!-- Default test -->
  </suite> <!-- Default suite -->
</testng-results>
